<?xml version="1.0" encoding="UTF-8"?>
<testsuite xmlns:xsi="http://www.w3.org/2001/XMLSchema-instance" xsi:noNamespaceSchemaLocation="https://maven.apache.org/surefire/maven-surefire-plugin/xsd/surefire-test-report-3.0.xsd" version="3.0" name="com.lunfit.workoutservice.repository.WorkoutRepositoryTest" time="4.38" tests="5" errors="0" skipped="0" failures="0">
  <properties>
[...]
</properties>
  <testcase name="flywayV1_createsExpectedIndexesOnWorkoutsTable" classname="com.lunfit.workoutservice.repository.WorkoutRepositoryTest" time="0.277">
    <system-out><![CDATA[18:47:47.163 [main] INFO org.springframework.test.context.support.AnnotationConfigContextLoaderUtils -- Could not detect default configuration classes for test class [com.lunfit.workoutservice.repository.WorkoutRepositoryTest]: WorkoutRepositoryTest does not declare any static, non-private, non-final, nested classes annotated with @Configuration.
18:47:47.187 [main] INFO org.testcontainers.images.PullPolicy -- Image pull policy will be performed by: DefaultPullPolicy()
18:47:47.188 [main] INFO org.testcontainers.utility.ImageNameSubstitutor -- Image name substitution will be performed by: DefaultImageNameSubstitutor (composite of 'ConfigurationFileImageNameSubstitutor' and 'PrefixingImageNameSubstitutor')
18:47:47.283 [main] INFO org.testcontainers.dockerclient.DockerClientProviderStrategy -- Loaded org.testcontainers.dockerclient.UnixSocketClientProviderStrategy from ~/.testcontainers.properties, will try it first
18:47:47.387 [main] INFO org.testcontainers.dockerclient.DockerClientProviderStrategy -- Found Docker environment with local Unix socket (unix:///var/run/docker.sock)
18:47:47.387 [main] INFO org.testcontainers.DockerClientFactory -- Docker host IP address is localhost
18:47:47.398 [main] INFO org.testcontainers.DockerClientFactory -- Connected to docker: 
  Server Version: 28.0.1
  API Version: 1.48
  Operating System: Docker Desktop
  Total Memory: 7836 MB
18:47:47.469 [main] INFO tc.testcontainers/ryuk:0.6.0 -- Creating container for image: testcontainers/ryuk:0.6.0
18:47:47.614 [main] INFO org.testcontainers.utility.RegistryAuthLocator -- Credential helper/store (docker-credential-desktop) does not have credentials for https://index.docker.io/v1/
18:47:47.684 [main] INFO tc.testcontainers/ryuk:0.6.0 -- Container testcontainers/ryuk:0.6.0 is starting: 9e8f1030d563db781a67229d19715d6fec03e373542ee1e522a43aa10a642458
18:47:47.854 [main] INFO tc.testcontainers/ryuk:0.6.0 -- Container testcontainers/ryuk:0.6.0 started in PT0.384656S
18:47:47.858 [main] INFO org.testcontainers.utility.RyukResourceReaper -- Ryuk started - will monitor and terminate Testcontainers containers on JVM exit
18:47:47.858 [main] INFO org.testcontainers.DockerClientFactory -- Checking the system...
18:47:47.858 [main] INFO org.testcontainers.DockerClientFactory -- ✔︎ Docker server version should be at least 1.6.0
18:47:47.895 [main] INFO org.springframework.boot.test.context.SpringBootTestContextBootstrapper -- Found @SpringBootConfiguration com.lunfit.workoutservice.WorkoutServiceApplication for test class com.lunfit.workoutservice.repository.WorkoutRepositoryTest
18:47:47.930 [main] INFO tc.postgres:16-alpine -- Creating container for image: postgres:16-alpine
18:47:47.990 [main] INFO tc.postgres:16-alpine -- Container postgres:16-alpine is starting: 8b89ea4f87a6431c85642960d8b9968f4c381b1e54e6becc4c742d818637e69a
18:47:48.893 [main] INFO tc.postgres:16-alpine -- Container postgres:16-alpine started in PT0.963644S
18:47:48.894 [main] INFO tc.postgres:16-alpine -- Container is started (JDBC URL: jdbc:postgresql://localhost:54655/test?loggerLevel=OFF)

  .   ____          _            __ _ _
 /\\ / ___'_ __ _ _(_)_ __  __ _ \ \ \ \
( ( )\___ | '_ | '_| | '_ \/ _` | \ \ \ \
 \\/  ___)| |_)| | | | | || (_| |  ) ) ) )
  '  |____| .__|_| |_|_| |_\__, | / / / /
 =========|_|==============|___/=/_/_/_/
 :: Spring Boot ::                (v3.2.3)

2026-03-23T18:47:49.016+08:00  INFO 46957 --- [           main] c.l.w.repository.WorkoutRepositoryTest   : Starting WorkoutRepositoryTest using Java 17.0.16 with PID 46957 (started by wongweilun in /Users/wongweilun/Desktop/Workspace/Coding/repos/lunfit/workout-service)
2026-03-23T18:47:49.016+08:00  INFO 46957 --- [           main] c.l.w.repository.WorkoutRepositoryTest   : No active profile set, falling back to 1 default profile: "default"
2026-03-23T18:47:49.353+08:00  INFO 46957 --- [           main] .s.d.r.c.RepositoryConfigurationDelegate : Bootstrapping Spring Data JPA repositories in DEFAULT mode.
2026-03-23T18:47:49.369+08:00  INFO 46957 --- [           main] .s.d.r.c.RepositoryConfigurationDelegate : Finished Spring Data repository scanning in 13 ms. Found 2 JPA repository interfaces.
2026-03-23T18:47:49.661+08:00  INFO 46957 --- [           main] o.f.c.internal.license.VersionPrinter    : Flyway Community Edition 9.22.3 by Redgate
2026-03-23T18:47:49.661+08:00  INFO 46957 --- [           main] o.f.c.internal.license.VersionPrinter    : See release notes here: https://rd.gt/416ObMi
2026-03-23T18:47:49.661+08:00  INFO 46957 --- [           main] o.f.c.internal.license.VersionPrinter    : 
2026-03-23T18:47:49.683+08:00  INFO 46957 --- [           main] org.flywaydb.core.FlywayExecutor         : Database: jdbc:postgresql://localhost:54655/test (PostgreSQL 16.11)
2026-03-23T18:47:49.688+08:00  WARN 46957 --- [           main] o.f.c.internal.database.base.Database    : Flyway upgrade recommended: PostgreSQL 16.11 is newer than this version of Flyway and support has not been tested. The latest supported version of PostgreSQL is 15.
2026-03-23T18:47:49.698+08:00  INFO 46957 --- [           main] o.f.c.i.s.JdbcTableSchemaHistory         : Schema history table "public"."flyway_schema_history" does not exist yet
2026-03-23T18:47:49.699+08:00  INFO 46957 --- [           main] o.f.core.internal.command.DbValidate     : Successfully validated 2 migrations (execution time 00:00.006s)
2026-03-23T18:47:49.708+08:00  INFO 46957 --- [           main] o.f.c.i.s.JdbcTableSchemaHistory         : Creating Schema History table "public"."flyway_schema_history" ...
2026-03-23T18:47:49.732+08:00  INFO 46957 --- [           main] o.f.core.internal.command.DbMigrate      : Current version of schema "public": << Empty Schema >>
2026-03-23T18:47:49.735+08:00  INFO 46957 --- [           main] o.f.core.internal.command.DbMigrate      : Migrating schema "public" to version "1 - create workouts table"
2026-03-23T18:47:49.749+08:00  INFO 46957 --- [           main] o.f.core.internal.command.DbMigrate      : Migrating schema "public" to version "2 - create running metrics table"
2026-03-23T18:47:49.757+08:00  INFO 46957 --- [           main] o.f.core.internal.command.DbMigrate      : Successfully applied 2 migrations to schema "public", now at version v2 (execution time 00:00.009s)
2026-03-23T18:47:49.794+08:00  INFO 46957 --- [           main] o.hibernate.jpa.internal.util.LogHelper  : HHH000204: Processing PersistenceUnitInfo [name: default]
2026-03-23T18:47:49.818+08:00  INFO 46957 --- [           main] org.hibernate.Version                    : HHH000412: Hibernate ORM core version 6.4.4.Final
2026-03-23T18:47:49.833+08:00  INFO 46957 --- [           main] o.h.c.internal.RegionFactoryInitiator    : HHH000026: Second-level cache disabled
2026-03-23T18:47:49.910+08:00  INFO 46957 --- [           main] o.s.o.j.p.SpringPersistenceUnitInfo      : No LoadTimeWeaver setup: ignoring JPA class transformer
2026-03-23T18:47:49.922+08:00  INFO 46957 --- [           main] com.zaxxer.hikari.HikariDataSource       : HikariPool-1 - Starting...
2026-03-23T18:47:49.938+08:00  INFO 46957 --- [           main] com.zaxxer.hikari.pool.HikariPool        : HikariPool-1 - Added connection org.postgresql.jdbc.PgConnection@64921450
2026-03-23T18:47:49.938+08:00  INFO 46957 --- [           main] com.zaxxer.hikari.HikariDataSource       : HikariPool-1 - Start completed.
2026-03-23T18:47:49.950+08:00  WARN 46957 --- [           main] org.hibernate.orm.deprecation            : HHH90000025: PostgreSQLDialect does not need to be specified explicitly using 'hibernate.dialect' (remove the property setting and it will be selected by default)
2026-03-23T18:47:50.262+08:00  INFO 46957 --- [           main] o.h.e.t.j.p.i.JtaPlatformInitiator       : HHH000489: No JTA platform available (set 'hibernate.transaction.jta.platform' to enable JTA platform integration)
2026-03-23T18:47:50.283+08:00  INFO 46957 --- [           main] j.LocalContainerEntityManagerFactoryBean : Initialized JPA EntityManagerFactory for persistence unit 'default'
2026-03-23T18:47:50.349+08:00  WARN 46957 --- [           main] .s.s.UserDetailsServiceAutoConfiguration : 

Using generated security password: 6c35f72d-c973-4968-9ac6-fbadb636c18b

This generated password is for development use only. Your security configuration must be updated before running your application in production.

2026-03-23T18:47:50.520+08:00  INFO 46957 --- [           main] o.s.b.a.e.web.EndpointLinksResolver      : Exposing 1 endpoint(s) beneath base path '/actuator'
2026-03-23T18:47:50.542+08:00  INFO 46957 --- [           main] o.s.s.web.DefaultSecurityFilterChain     : Will secure any request with [org.springframework.security.web.session.DisableEncodeUrlFilter@1e0383d3, org.springframework.security.web.context.request.async.WebAsyncManagerIntegrationFilter@f64f47a, org.springframework.security.web.context.SecurityContextHolderFilter@2cd6112b, org.springframework.security.web.header.HeaderWriterFilter@6d66a248, org.springframework.web.filter.CorsFilter@548d9d87, org.springframework.security.web.authentication.logout.LogoutFilter@27acd9a7, org.springframework.security.web.savedrequest.RequestCacheAwareFilter@240a9052, org.springframework.security.web.servletapi.SecurityContextHolderAwareRequestFilter@373e3dac, org.springframework.security.web.authentication.AnonymousAuthenticationFilter@da8853c, org.springframework.security.web.access.ExceptionTranslationFilter@38e46ea, org.springframework.security.web.access.intercept.AuthorizationFilter@72187492]
2026-03-23T18:47:50.871+08:00  INFO 46957 --- [           main] c.l.w.repository.WorkoutRepositoryTest   : Started WorkoutRepositoryTest in 1.956 seconds (process running for 3.958)
]]></system-out>
  </testcase>
  <testcase name="jpaValidation_entitiesMatchMigrationSchema" classname="com.lunfit.workoutservice.repository.WorkoutRepositoryTest" time="0.009"/>
  <testcase name="flywayV1_createsWorkoutsTableWithExpectedColumns" classname="com.lunfit.workoutservice.repository.WorkoutRepositoryTest" time="0.01"/>
  <testcase name="flywayV2_createsRunningMetricsTableWithExpectedColumns" classname="com.lunfit.workoutservice.repository.WorkoutRepositoryTest" time="0.004"/>
  <testcase name="flywayV2_workoutIdHasUniqueForeignKeyConstraint" classname="com.lunfit.workoutservice.repository.WorkoutRepositoryTest" time="0.004"/>
</testsuite>